<?xml version="1.0" encoding="UTF-8"?>
<!-- Generated by org.testng.reporters.JUnitXMLReporter -->
<testsuite ignored="0" hostname="PoojaVinu" failures="1" tests="7" name="mytest" time="0.092" errors="0" timestamp="2024-09-17T22:40:13 IST">
  <testcase classname="testNGcommands.BasicCommands" name="testCase3" time="0.015"/>
  <testcase classname="testNGcommands.BasicCommands" name="testCase1" time="0.0">
    <failure type="org.testng.TestNGException" message="
Parameter &amp;apos;para1&amp;apos; is required by @Test on method testCase1 but has not been marked @Optional or defined
in C:\Users\pooja\eclipse-workspace\TestNG\TestNG.xml">
      <![CDATA[org.testng.TestNGException: 
Parameter 'para1' is required by @Test on method testCase1 but has not been marked @Optional or defined
in C:\Users\pooja\eclipse-workspace\TestNG\TestNG.xml
at java.base/java.util.ArrayList.forEach(ArrayList.java:1597)
... Removed 26 stack frames]]>
    </failure>
  </testcase> <!-- testCase1 -->
  <testcase classname="testNGcommands.BasicCommands" name="testCase4" time="0.002"/>
  <testcase classname="testNGcommands.BasicCommands" name="testCase5" time="0.002"/>
  <testcase classname="testNGcommands.BasicCommands" name="testCase2" time="0.001"/>
  <testcase classname="testNGcommands.Annotations" name="testCase1" time="0.001"/>
  <testcase classname="testNGcommands.Annotations" name="testCase2" time="0.001"/>
</testsuite> <!-- mytest -->
