<?xml version="1.0" encoding="UTF-8"?>
<!-- Generated by org.testng.reporters.JUnitXMLReporter -->
<testsuite ignored="2" hostname="PoojaVinu" failures="1" tests="6" name="firefoxtest" time="115.902" errors="0" timestamp="2024-10-02T09:48:03 IST">
  <testcase classname="testNGcommands.TestNGAssignment1" name="verifyTextOfSearchButton" time="2.537"/>
  <testcase classname="testNGcommands.TestNGAssignment1" name="verifyFontSizeOfSearchButton" time="2.298">
    <skipped/>
  </testcase> <!-- verifyFontSizeOfSearchButton -->
  <testcase classname="testNGcommands.TestNGAssignment1" name="verifyFontSizeOfSearchButton" time="2.496">
    <skipped/>
  </testcase> <!-- verifyFontSizeOfSearchButton -->
  <testcase classname="testNGcommands.TestNGAssignment1" name="verifyFontSizeOfSearchButton" time="2.223">
    <skipped/>
  </testcase> <!-- verifyFontSizeOfSearchButton -->
  <testcase classname="testNGcommands.TestNGAssignment1" name="verifyFontSizeOfSearchButton" time="2.411">
    <skipped/>
  </testcase> <!-- verifyFontSizeOfSearchButton -->
  <testcase classname="testNGcommands.TestNGAssignment1" name="verifyFontSizeOfSearchButton" time="2.295">
    <failure type="java.lang.AssertionError" message="The following asserts failed:
	expected [1px] but found [14px]">
      <![CDATA[java.lang.AssertionError: The following asserts failed:
expected [1px] but found [14px]
at testNGcommands.TestNGAssignment1.verifyFontSizeOfSearchButton(TestNGAssignment1.java:67)
at java.base/java.util.ArrayList.forEach(ArrayList.java:1511)
at java.base/java.util.concurrent.FutureTask.run(FutureTask.java:264)
at java.base/java.util.concurrent.ThreadPoolExecutor.runWorker(ThreadPoolExecutor.java:1136)
at java.base/java.util.concurrent.ThreadPoolExecutor$Worker.run(ThreadPoolExecutor.java:635)
at java.base/java.lang.Thread.run(Thread.java:842)
... Removed 20 stack frames]]>
    </failure>
  </testcase> <!-- verifyFontSizeOfSearchButton -->
  <testcase classname="testNGcommands.TestNGAssignment1" name="verifyTitleDropDown" time="0.0">
    <ignored/>
  </testcase> <!-- verifyTitleDropDown -->
  <testcase classname="testNGcommands.TestNGAssignment1" name="verifyCheckBoxIsSelected" time="0.0">
    <ignored/>
  </testcase> <!-- verifyCheckBoxIsSelected -->
</testsuite> <!-- firefoxtest -->
