<!DOCTYPE html>

<html>
  <head>
  <meta charset='utf-8'>
  <title>TestNG reports</title>

    <link type="text/css" href="testng-reports1.css" rel="stylesheet" id="ultra" />
    <link type="text/css" href="testng-reports.css" rel="stylesheet" id="retro" disabled="false"/>
    <script type="text/javascript" src="jquery.min.js"></script>
    <script type="text/javascript" src="testng-reports.js"></script>
    <script type="text/javascript" src="https://www.google.com/jsapi"></script>
    <script type='text/javascript'>
      google.load('visualization', '1', {packages:['table']});
      google.setOnLoadCallback(drawTable);
      var suiteTableInitFunctions = new Array();
      var suiteTableData = new Array();
    </script>
    <!--
      <script type="text/javascript" src="jquery-ui/js/jquery-ui-1.8.16.custom.min.js"></script>
     -->
  </head>

  <body>
    <div class="top-banner-root">
      <span class="top-banner-title-font">Test results</span>
      <button id="button" class="button">Switch Retro Theme</button> <!-- button -->
      <br/>
      <span class="top-banner-font-1">1 suite, 2 failed tests</span>
    </div> <!-- top-banner-root -->
    <div class="navigator-root">
      <div class="navigator-suite-header">
        <span>All suites</span>
        <a href="#" title="Collapse/expand all the suites" class="collapse-all-link">
          <img src="collapseall.gif" class="collapse-all-icon">
          </img> <!-- collapse-all-icon -->
        </a> <!-- collapse-all-link -->
      </div> <!-- navigator-suite-header -->
      <div class="suite">
        <div class="rounded-window">
          <div class="suite-header light-rounded-window-top">
            <a href="#" panel-name="suite-my_test_suite" class="navigator-link">
              <span class="suite-name border-failed">my test suite</span>
            </a> <!-- navigator-link -->
          </div> <!-- suite-header light-rounded-window-top -->
          <div class="navigator-suite-content">
            <div class="suite-section-title">
              <span>Info</span>
            </div> <!-- suite-section-title -->
            <div class="suite-section-content">
              <ul>
                <li>
                  <a href="#" panel-name="test-xml-my_test_suite" class="navigator-link ">
                    <span>C:\Users\pooja\eclipse-workspace\TestNG\crossbrowser.xml</span>
                  </a> <!-- navigator-link  -->
                </li>
                <li>
                  <a href="#" panel-name="testlist-my_test_suite" class="navigator-link ">
                    <span class="test-stats">3 tests</span>
                  </a> <!-- navigator-link  -->
                </li>
                <li>
                  <a href="#" panel-name="group-my_test_suite" class="navigator-link ">
                    <span>0 groups</span>
                  </a> <!-- navigator-link  -->
                </li>
                <li>
                  <a href="#" panel-name="times-my_test_suite" class="navigator-link ">
                    <span>Times</span>
                  </a> <!-- navigator-link  -->
                </li>
                <li>
                  <a href="#" panel-name="reporter-my_test_suite" class="navigator-link ">
                    <span>Reporter output</span>
                  </a> <!-- navigator-link  -->
                </li>
                <li>
                  <a href="#" panel-name="ignored-methods-my_test_suite" class="navigator-link ">
                    <span>Ignored methods</span>
                  </a> <!-- navigator-link  -->
                </li>
                <li>
                  <a href="#" panel-name="chronological-my_test_suite" class="navigator-link ">
                    <span>Chronological view</span>
                  </a> <!-- navigator-link  -->
                </li>
              </ul>
            </div> <!-- suite-section-content -->
            <div class="result-section">
              <div class="suite-section-title">
                <span>Results</span>
              </div> <!-- suite-section-title -->
              <div class="suite-section-content">
                <ul>
                  <li>
                    <span class="method-stats">14 methods, 2 failed,  10 skipped,  2 passed</span>
                  </li>
                  <li>
                    <span class="method-list-title failed">Failed methods</span>
                    <span class="show-or-hide-methods failed">
                      <a href="#" panel-name="suite-my_test_suite" class="hide-methods failed suite-my_test_suite"> (hide)</a> <!-- hide-methods failed suite-my_test_suite -->
                      <a href="#" panel-name="suite-my_test_suite" class="show-methods failed suite-my_test_suite"> (show)</a> <!-- show-methods failed suite-my_test_suite -->
                    </span>
                    <div class="method-list-content failed suite-my_test_suite">
                      <span>
                        <img src="failed.png" width="3%"/>
                        <a href="#" panel-name="suite-my_test_suite" title="testNGcommands.TestNGAssignment1" class="method navigator-link" hash-for-method="verifyFontSizeOfSearchButton">verifyFontSizeOfSearchButton</a> <!-- method navigator-link -->
                      </span>
                      <br/>
                      <span>
                        <img src="failed.png" width="3%"/>
                        <a href="#" panel-name="suite-my_test_suite" title="testNGcommands.TestNGAssignment1" class="method navigator-link" hash-for-method="verifyFontSizeOfSearchButton">verifyFontSizeOfSearchButton</a> <!-- method navigator-link -->
                      </span>
                      <br/>
                    </div> <!-- method-list-content failed suite-my_test_suite -->
                  </li>
                  <li>
                    <span class="method-list-title skipped">Skipped methods</span>
                    <span class="show-or-hide-methods skipped">
                      <a href="#" panel-name="suite-my_test_suite" class="hide-methods skipped suite-my_test_suite"> (hide)</a> <!-- hide-methods skipped suite-my_test_suite -->
                      <a href="#" panel-name="suite-my_test_suite" class="show-methods skipped suite-my_test_suite"> (show)</a> <!-- show-methods skipped suite-my_test_suite -->
                    </span>
                    <div class="method-list-content skipped suite-my_test_suite">
                      <span>
                        <img src="skipped.png" width="3%"/>
                        <a href="#" panel-name="suite-my_test_suite" title="testNGcommands.TestNGAssignment1" class="method navigator-link" hash-for-method="verifyFontSizeOfSearchButton">verifyFontSizeOfSearchButton</a> <!-- method navigator-link -->
                      </span>
                      <br/>
                      <span>
                        <img src="skipped.png" width="3%"/>
                        <a href="#" panel-name="suite-my_test_suite" title="testNGcommands.TestNGAssignment1" class="method navigator-link" hash-for-method="verifyTextOfSearchButton">verifyTextOfSearchButton</a> <!-- method navigator-link -->
                      </span>
                      <br/>
                    </div> <!-- method-list-content skipped suite-my_test_suite -->
                  </li>
                  <li>
                    <span class="method-list-title skipped">Retried methods</span>
                    <span class="show-or-hide-methods skipped">
                      <a href="#" panel-name="suite-my_test_suite" class="hide-methods skipped suite-my_test_suite"> (hide)</a> <!-- hide-methods skipped suite-my_test_suite -->
                      <a href="#" panel-name="suite-my_test_suite" class="show-methods skipped suite-my_test_suite"> (show)</a> <!-- show-methods skipped suite-my_test_suite -->
                    </span>
                    <div class="method-list-content skipped suite-my_test_suite">
                      <span>
                        <img src="skipped.png" width="3%"/>
                        <a href="#" panel-name="suite-my_test_suite" title="testNGcommands.TestNGAssignment1" class="method navigator-link" hash-for-method="verifyFontSizeOfSearchButton">verifyFontSizeOfSearchButton</a> <!-- method navigator-link -->
                      </span>
                      <br/>
                      <span>
                        <img src="skipped.png" width="3%"/>
                        <a href="#" panel-name="suite-my_test_suite" title="testNGcommands.TestNGAssignment1" class="method navigator-link" hash-for-method="verifyFontSizeOfSearchButton">verifyFontSizeOfSearchButton</a> <!-- method navigator-link -->
                      </span>
                      <br/>
                      <span>
                        <img src="skipped.png" width="3%"/>
                        <a href="#" panel-name="suite-my_test_suite" title="testNGcommands.TestNGAssignment1" class="method navigator-link" hash-for-method="verifyFontSizeOfSearchButton">verifyFontSizeOfSearchButton</a> <!-- method navigator-link -->
                      </span>
                      <br/>
                      <span>
                        <img src="skipped.png" width="3%"/>
                        <a href="#" panel-name="suite-my_test_suite" title="testNGcommands.TestNGAssignment1" class="method navigator-link" hash-for-method="verifyFontSizeOfSearchButton">verifyFontSizeOfSearchButton</a> <!-- method navigator-link -->
                      </span>
                      <br/>
                      <span>
                        <img src="skipped.png" width="3%"/>
                        <a href="#" panel-name="suite-my_test_suite" title="testNGcommands.TestNGAssignment1" class="method navigator-link" hash-for-method="verifyFontSizeOfSearchButton">verifyFontSizeOfSearchButton</a> <!-- method navigator-link -->
                      </span>
                      <br/>
                      <span>
                        <img src="skipped.png" width="3%"/>
                        <a href="#" panel-name="suite-my_test_suite" title="testNGcommands.TestNGAssignment1" class="method navigator-link" hash-for-method="verifyFontSizeOfSearchButton">verifyFontSizeOfSearchButton</a> <!-- method navigator-link -->
                      </span>
                      <br/>
                      <span>
                        <img src="skipped.png" width="3%"/>
                        <a href="#" panel-name="suite-my_test_suite" title="testNGcommands.TestNGAssignment1" class="method navigator-link" hash-for-method="verifyFontSizeOfSearchButton">verifyFontSizeOfSearchButton</a> <!-- method navigator-link -->
                      </span>
                      <br/>
                      <span>
                        <img src="skipped.png" width="3%"/>
                        <a href="#" panel-name="suite-my_test_suite" title="testNGcommands.TestNGAssignment1" class="method navigator-link" hash-for-method="verifyFontSizeOfSearchButton">verifyFontSizeOfSearchButton</a> <!-- method navigator-link -->
                      </span>
                      <br/>
                    </div> <!-- method-list-content skipped suite-my_test_suite -->
                  </li>
                  <li>
                    <span class="method-list-title passed">Passed methods</span>
                    <span class="show-or-hide-methods passed">
                      <a href="#" panel-name="suite-my_test_suite" class="hide-methods passed suite-my_test_suite"> (hide)</a> <!-- hide-methods passed suite-my_test_suite -->
                      <a href="#" panel-name="suite-my_test_suite" class="show-methods passed suite-my_test_suite"> (show)</a> <!-- show-methods passed suite-my_test_suite -->
                    </span>
                    <div class="method-list-content passed suite-my_test_suite">
                      <span>
                        <img src="passed.png" width="3%"/>
                        <a href="#" panel-name="suite-my_test_suite" title="testNGcommands.TestNGAssignment1" class="method navigator-link" hash-for-method="verifyTextOfSearchButton">verifyTextOfSearchButton</a> <!-- method navigator-link -->
                      </span>
                      <br/>
                      <span>
                        <img src="passed.png" width="3%"/>
                        <a href="#" panel-name="suite-my_test_suite" title="testNGcommands.TestNGAssignment1" class="method navigator-link" hash-for-method="verifyTextOfSearchButton">verifyTextOfSearchButton</a> <!-- method navigator-link -->
                      </span>
                      <br/>
                    </div> <!-- method-list-content passed suite-my_test_suite -->
                  </li>
                </ul>
              </div> <!-- suite-section-content -->
            </div> <!-- result-section -->
          </div> <!-- navigator-suite-content -->
        </div> <!-- rounded-window -->
      </div> <!-- suite -->
    </div> <!-- navigator-root -->
    <div class="wrapper">
      <div class="main-panel-root">
        <div panel-name="suite-my_test_suite" class="panel my_test_suite">
          <div class="suite-my_test_suite-class-failed">
            <div class="main-panel-header rounded-window-top">
              <img src="failed.png"/>
              <span class="class-name">testNGcommands.TestNGAssignment1</span>
            </div> <!-- main-panel-header rounded-window-top -->
            <div class="main-panel-content rounded-window-bottom">
              <div class="method">
                <div class="method-content">
                  <a name="verifyFontSizeOfSearchButton">
                  </a> <!-- verifyFontSizeOfSearchButton -->
                  <span class="method-name">verifyFontSizeOfSearchButton</span>
                  <div class="stack-trace">java.lang.AssertionError: The following asserts failed:
	expected [1px] but found [14px]
	at testNGcommands.TestNGAssignment1.verifyFontSizeOfSearchButton(TestNGAssignment1.java:67)
	at java.base/java.util.ArrayList.forEach(ArrayList.java:1511)
	at java.base/java.util.concurrent.FutureTask.run(FutureTask.java:264)
	at java.base/java.util.concurrent.ThreadPoolExecutor.runWorker(ThreadPoolExecutor.java:1136)
	at java.base/java.util.concurrent.ThreadPoolExecutor$Worker.run(ThreadPoolExecutor.java:635)
	at java.base/java.lang.Thread.run(Thread.java:842)
... Removed 20 stack frames
</div> <!-- stack-trace -->
                </div> <!-- method-content -->
              </div> <!-- method -->
              <div class="method">
                <div class="method-content">
                  <a name="verifyFontSizeOfSearchButton">
                  </a> <!-- verifyFontSizeOfSearchButton -->
                  <span class="method-name">verifyFontSizeOfSearchButton</span>
                  <div class="stack-trace">java.lang.AssertionError: The following asserts failed:
	expected [1px] but found [14px]
	at testNGcommands.TestNGAssignment1.verifyFontSizeOfSearchButton(TestNGAssignment1.java:67)
	at java.base/java.util.ArrayList.forEach(ArrayList.java:1511)
	at java.base/java.util.concurrent.FutureTask.run(FutureTask.java:264)
	at java.base/java.util.concurrent.ThreadPoolExecutor.runWorker(ThreadPoolExecutor.java:1136)
	at java.base/java.util.concurrent.ThreadPoolExecutor$Worker.run(ThreadPoolExecutor.java:635)
	at java.base/java.lang.Thread.run(Thread.java:842)
... Removed 20 stack frames
</div> <!-- stack-trace -->
                </div> <!-- method-content -->
              </div> <!-- method -->
            </div> <!-- main-panel-content rounded-window-bottom -->
          </div> <!-- suite-my_test_suite-class-failed -->
          <div class="suite-my_test_suite-class-skipped">
            <div class="main-panel-header rounded-window-top">
              <img src="skipped.png"/>
              <span class="class-name">testNGcommands.TestNGAssignment1</span>
            </div> <!-- main-panel-header rounded-window-top -->
            <div class="main-panel-content rounded-window-bottom">
              <div class="method">
                <div class="method-content">
                  <a name="verifyFontSizeOfSearchButton">
                  </a> <!-- verifyFontSizeOfSearchButton -->
                  <span class="method-name">verifyFontSizeOfSearchButton</span>
                  <div class="stack-trace">org.openqa.selenium.WebDriverException: unknown error: net::ERR_INTERNET_DISCONNECTED
  (Session info: chrome=129.0.6668.70)
Build info: version: &apos;4.23.1&apos;, revision: &apos;656257d8e9&apos;
System info: os.name: &apos;Windows 11&apos;, os.arch: &apos;amd64&apos;, os.version: &apos;10.0&apos;, java.version: &apos;17.0.11&apos;
Driver info: org.openqa.selenium.chrome.ChromeDriver
Command: [589da8490e23608d86a4b2e27c711176, get {url=https://www.qabible.in/payrollapp/site/login}]
Capabilities {acceptInsecureCerts: false, browserName: chrome, browserVersion: 129.0.6668.70, chrome: {chromedriverVersion: 129.0.6668.89 (951c0b97221f..., userDataDir: C:\Users\pooja\AppData\Loca...}, fedcm:accounts: true, goog:chromeOptions: {debuggerAddress: localhost:60610}, networkConnectionEnabled: false, pageLoadStrategy: normal, platformName: windows, proxy: Proxy(), se:cdp: ws://localhost:60610/devtoo..., se:cdpVersion: 129.0.6668.70, setWindowRect: true, strictFileInteractability: false, timeouts: {implicit: 0, pageLoad: 300000, script: 30000}, unhandledPromptBehavior: dismiss and notify, webauthn:extension:credBlob: true, webauthn:extension:largeBlob: true, webauthn:extension:minPinLength: true, webauthn:extension:prf: true, webauthn:virtualAuthenticators: true}
Session ID: 589da8490e23608d86a4b2e27c711176
	at org.openqa.selenium.remote.ErrorCodec.decode(ErrorCodec.java:167)
	at org.openqa.selenium.remote.codec.w3c.W3CHttpResponseCodec.decode(W3CHttpResponseCodec.java:138)
	at org.openqa.selenium.remote.codec.w3c.W3CHttpResponseCodec.decode(W3CHttpResponseCodec.java:50)
	at org.openqa.selenium.remote.HttpCommandExecutor.execute(HttpCommandExecutor.java:190)
	at org.openqa.selenium.remote.service.DriverCommandExecutor.invokeExecute(DriverCommandExecutor.java:216)
	at org.openqa.selenium.remote.service.DriverCommandExecutor.execute(DriverCommandExecutor.java:174)
	at org.openqa.selenium.remote.RemoteWebDriver.execute(RemoteWebDriver.java:545)
	at org.openqa.selenium.remote.RemoteWebDriver.get(RemoteWebDriver.java:313)
	at testNGcommands.TestNGAssignment1.beforeMethod(TestNGAssignment1.java:138)
	at java.base/java.util.ArrayList.forEach(ArrayList.java:1511)
	at java.base/java.util.concurrent.FutureTask.run(FutureTask.java:264)
	at java.base/java.util.concurrent.ThreadPoolExecutor.runWorker(ThreadPoolExecutor.java:1136)
	at java.base/java.util.concurrent.ThreadPoolExecutor$Worker.run(ThreadPoolExecutor.java:635)
	at java.base/java.lang.Thread.run(Thread.java:842)
... Removed 27 stack frames
</div> <!-- stack-trace -->
                </div> <!-- method-content -->
              </div> <!-- method -->
              <div class="method">
                <div class="method-content">
                  <a name="verifyFontSizeOfSearchButton">
                  </a> <!-- verifyFontSizeOfSearchButton -->
                  <span class="method-name">verifyFontSizeOfSearchButton</span>
                  <div class="stack-trace">java.lang.AssertionError: The following asserts failed:
	expected [1px] but found [14px]
	at testNGcommands.TestNGAssignment1.verifyFontSizeOfSearchButton(TestNGAssignment1.java:67)
	at java.base/java.util.ArrayList.forEach(ArrayList.java:1511)
	at java.base/java.util.concurrent.FutureTask.run(FutureTask.java:264)
	at java.base/java.util.concurrent.ThreadPoolExecutor.runWorker(ThreadPoolExecutor.java:1136)
	at java.base/java.util.concurrent.ThreadPoolExecutor$Worker.run(ThreadPoolExecutor.java:635)
	at java.base/java.lang.Thread.run(Thread.java:842)
... Removed 20 stack frames
</div> <!-- stack-trace -->
                </div> <!-- method-content -->
              </div> <!-- method -->
              <div class="method">
                <div class="method-content">
                  <a name="verifyFontSizeOfSearchButton">
                  </a> <!-- verifyFontSizeOfSearchButton -->
                  <span class="method-name">verifyFontSizeOfSearchButton</span>
                  <div class="stack-trace">java.lang.AssertionError: The following asserts failed:
	expected [1px] but found [14px]
	at testNGcommands.TestNGAssignment1.verifyFontSizeOfSearchButton(TestNGAssignment1.java:67)
	at java.base/java.util.ArrayList.forEach(ArrayList.java:1511)
	at java.base/java.util.concurrent.FutureTask.run(FutureTask.java:264)
	at java.base/java.util.concurrent.ThreadPoolExecutor.runWorker(ThreadPoolExecutor.java:1136)
	at java.base/java.util.concurrent.ThreadPoolExecutor$Worker.run(ThreadPoolExecutor.java:635)
	at java.base/java.lang.Thread.run(Thread.java:842)
... Removed 20 stack frames
</div> <!-- stack-trace -->
                </div> <!-- method-content -->
              </div> <!-- method -->
              <div class="method">
                <div class="method-content">
                  <a name="verifyFontSizeOfSearchButton">
                  </a> <!-- verifyFontSizeOfSearchButton -->
                  <span class="method-name">verifyFontSizeOfSearchButton</span>
                  <div class="stack-trace">java.lang.AssertionError: The following asserts failed:
	expected [1px] but found [14px]
	at testNGcommands.TestNGAssignment1.verifyFontSizeOfSearchButton(TestNGAssignment1.java:67)
	at java.base/java.util.ArrayList.forEach(ArrayList.java:1511)
	at java.base/java.util.concurrent.FutureTask.run(FutureTask.java:264)
	at java.base/java.util.concurrent.ThreadPoolExecutor.runWorker(ThreadPoolExecutor.java:1136)
	at java.base/java.util.concurrent.ThreadPoolExecutor$Worker.run(ThreadPoolExecutor.java:635)
	at java.base/java.lang.Thread.run(Thread.java:842)
... Removed 20 stack frames
</div> <!-- stack-trace -->
                </div> <!-- method-content -->
              </div> <!-- method -->
              <div class="method">
                <div class="method-content">
                  <a name="verifyFontSizeOfSearchButton">
                  </a> <!-- verifyFontSizeOfSearchButton -->
                  <span class="method-name">verifyFontSizeOfSearchButton</span>
                  <div class="stack-trace">java.lang.AssertionError: The following asserts failed:
	expected [1px] but found [14px]
	at testNGcommands.TestNGAssignment1.verifyFontSizeOfSearchButton(TestNGAssignment1.java:67)
	at java.base/java.util.ArrayList.forEach(ArrayList.java:1511)
	at java.base/java.util.concurrent.FutureTask.run(FutureTask.java:264)
	at java.base/java.util.concurrent.ThreadPoolExecutor.runWorker(ThreadPoolExecutor.java:1136)
	at java.base/java.util.concurrent.ThreadPoolExecutor$Worker.run(ThreadPoolExecutor.java:635)
	at java.base/java.lang.Thread.run(Thread.java:842)
... Removed 20 stack frames
</div> <!-- stack-trace -->
                </div> <!-- method-content -->
              </div> <!-- method -->
              <div class="method">
                <div class="method-content">
                  <a name="verifyFontSizeOfSearchButton">
                  </a> <!-- verifyFontSizeOfSearchButton -->
                  <span class="method-name">verifyFontSizeOfSearchButton</span>
                  <div class="stack-trace">java.lang.AssertionError: The following asserts failed:
	expected [1px] but found [14px]
	at testNGcommands.TestNGAssignment1.verifyFontSizeOfSearchButton(TestNGAssignment1.java:67)
	at java.base/java.util.ArrayList.forEach(ArrayList.java:1511)
	at java.base/java.util.concurrent.FutureTask.run(FutureTask.java:264)
	at java.base/java.util.concurrent.ThreadPoolExecutor.runWorker(ThreadPoolExecutor.java:1136)
	at java.base/java.util.concurrent.ThreadPoolExecutor$Worker.run(ThreadPoolExecutor.java:635)
	at java.base/java.lang.Thread.run(Thread.java:842)
... Removed 20 stack frames
</div> <!-- stack-trace -->
                </div> <!-- method-content -->
              </div> <!-- method -->
              <div class="method">
                <div class="method-content">
                  <a name="verifyFontSizeOfSearchButton">
                  </a> <!-- verifyFontSizeOfSearchButton -->
                  <span class="method-name">verifyFontSizeOfSearchButton</span>
                  <div class="stack-trace">java.lang.AssertionError: The following asserts failed:
	expected [1px] but found [14px]
	at testNGcommands.TestNGAssignment1.verifyFontSizeOfSearchButton(TestNGAssignment1.java:67)
	at java.base/java.util.ArrayList.forEach(ArrayList.java:1511)
	at java.base/java.util.concurrent.FutureTask.run(FutureTask.java:264)
	at java.base/java.util.concurrent.ThreadPoolExecutor.runWorker(ThreadPoolExecutor.java:1136)
	at java.base/java.util.concurrent.ThreadPoolExecutor$Worker.run(ThreadPoolExecutor.java:635)
	at java.base/java.lang.Thread.run(Thread.java:842)
... Removed 20 stack frames
</div> <!-- stack-trace -->
                </div> <!-- method-content -->
              </div> <!-- method -->
              <div class="method">
                <div class="method-content">
                  <a name="verifyFontSizeOfSearchButton">
                  </a> <!-- verifyFontSizeOfSearchButton -->
                  <span class="method-name">verifyFontSizeOfSearchButton</span>
                  <div class="stack-trace">java.lang.AssertionError: The following asserts failed:
	expected [1px] but found [14px]
	at testNGcommands.TestNGAssignment1.verifyFontSizeOfSearchButton(TestNGAssignment1.java:67)
	at java.base/java.util.ArrayList.forEach(ArrayList.java:1511)
	at java.base/java.util.concurrent.FutureTask.run(FutureTask.java:264)
	at java.base/java.util.concurrent.ThreadPoolExecutor.runWorker(ThreadPoolExecutor.java:1136)
	at java.base/java.util.concurrent.ThreadPoolExecutor$Worker.run(ThreadPoolExecutor.java:635)
	at java.base/java.lang.Thread.run(Thread.java:842)
... Removed 20 stack frames
</div> <!-- stack-trace -->
                </div> <!-- method-content -->
              </div> <!-- method -->
              <div class="method">
                <div class="method-content">
                  <a name="verifyFontSizeOfSearchButton">
                  </a> <!-- verifyFontSizeOfSearchButton -->
                  <span class="method-name">verifyFontSizeOfSearchButton</span>
                  <div class="stack-trace">java.lang.AssertionError: The following asserts failed:
	expected [1px] but found [14px]
	at testNGcommands.TestNGAssignment1.verifyFontSizeOfSearchButton(TestNGAssignment1.java:67)
	at java.base/java.util.ArrayList.forEach(ArrayList.java:1511)
	at java.base/java.util.concurrent.FutureTask.run(FutureTask.java:264)
	at java.base/java.util.concurrent.ThreadPoolExecutor.runWorker(ThreadPoolExecutor.java:1136)
	at java.base/java.util.concurrent.ThreadPoolExecutor$Worker.run(ThreadPoolExecutor.java:635)
	at java.base/java.lang.Thread.run(Thread.java:842)
... Removed 20 stack frames
</div> <!-- stack-trace -->
                </div> <!-- method-content -->
              </div> <!-- method -->
              <div class="method">
                <div class="method-content">
                  <a name="verifyTextOfSearchButton">
                  </a> <!-- verifyTextOfSearchButton -->
                  <span class="method-name">verifyTextOfSearchButton</span>
                  <div class="stack-trace">org.openqa.selenium.WebDriverException: unknown error: net::ERR_INTERNET_DISCONNECTED
  (Session info: chrome=129.0.6668.70)
Build info: version: &apos;4.23.1&apos;, revision: &apos;656257d8e9&apos;
System info: os.name: &apos;Windows 11&apos;, os.arch: &apos;amd64&apos;, os.version: &apos;10.0&apos;, java.version: &apos;17.0.11&apos;
Driver info: org.openqa.selenium.chrome.ChromeDriver
Command: [589da8490e23608d86a4b2e27c711176, get {url=https://www.qabible.in/payrollapp/site/login}]
Capabilities {acceptInsecureCerts: false, browserName: chrome, browserVersion: 129.0.6668.70, chrome: {chromedriverVersion: 129.0.6668.89 (951c0b97221f..., userDataDir: C:\Users\pooja\AppData\Loca...}, fedcm:accounts: true, goog:chromeOptions: {debuggerAddress: localhost:60610}, networkConnectionEnabled: false, pageLoadStrategy: normal, platformName: windows, proxy: Proxy(), se:cdp: ws://localhost:60610/devtoo..., se:cdpVersion: 129.0.6668.70, setWindowRect: true, strictFileInteractability: false, timeouts: {implicit: 0, pageLoad: 300000, script: 30000}, unhandledPromptBehavior: dismiss and notify, webauthn:extension:credBlob: true, webauthn:extension:largeBlob: true, webauthn:extension:minPinLength: true, webauthn:extension:prf: true, webauthn:virtualAuthenticators: true}
Session ID: 589da8490e23608d86a4b2e27c711176
	at org.openqa.selenium.remote.ErrorCodec.decode(ErrorCodec.java:167)
	at org.openqa.selenium.remote.codec.w3c.W3CHttpResponseCodec.decode(W3CHttpResponseCodec.java:138)
	at org.openqa.selenium.remote.codec.w3c.W3CHttpResponseCodec.decode(W3CHttpResponseCodec.java:50)
	at org.openqa.selenium.remote.HttpCommandExecutor.execute(HttpCommandExecutor.java:190)
	at org.openqa.selenium.remote.service.DriverCommandExecutor.invokeExecute(DriverCommandExecutor.java:216)
	at org.openqa.selenium.remote.service.DriverCommandExecutor.execute(DriverCommandExecutor.java:174)
	at org.openqa.selenium.remote.RemoteWebDriver.execute(RemoteWebDriver.java:545)
	at org.openqa.selenium.remote.RemoteWebDriver.get(RemoteWebDriver.java:313)
	at testNGcommands.TestNGAssignment1.beforeMethod(TestNGAssignment1.java:138)
	at java.base/java.util.ArrayList.forEach(ArrayList.java:1511)
	at java.base/java.util.concurrent.FutureTask.run(FutureTask.java:264)
	at java.base/java.util.concurrent.ThreadPoolExecutor.runWorker(ThreadPoolExecutor.java:1136)
	at java.base/java.util.concurrent.ThreadPoolExecutor$Worker.run(ThreadPoolExecutor.java:635)
	at java.base/java.lang.Thread.run(Thread.java:842)
... Removed 27 stack frames
</div> <!-- stack-trace -->
                </div> <!-- method-content -->
              </div> <!-- method -->
            </div> <!-- main-panel-content rounded-window-bottom -->
          </div> <!-- suite-my_test_suite-class-skipped -->
          <div class="suite-my_test_suite-class-passed">
            <div class="main-panel-header rounded-window-top">
              <img src="passed.png"/>
              <span class="class-name">testNGcommands.TestNGAssignment1</span>
            </div> <!-- main-panel-header rounded-window-top -->
            <div class="main-panel-content rounded-window-bottom">
              <div class="method">
                <div class="method-content">
                  <a name="verifyTextOfSearchButton">
                  </a> <!-- verifyTextOfSearchButton -->
                  <span class="method-name">verifyTextOfSearchButton</span>
                </div> <!-- method-content -->
              </div> <!-- method -->
              <div class="method">
                <div class="method-content">
                  <a name="verifyTextOfSearchButton">
                  </a> <!-- verifyTextOfSearchButton -->
                  <span class="method-name">verifyTextOfSearchButton</span>
                </div> <!-- method-content -->
              </div> <!-- method -->
            </div> <!-- main-panel-content rounded-window-bottom -->
          </div> <!-- suite-my_test_suite-class-passed -->
        </div> <!-- panel my_test_suite -->
        <div panel-name="test-xml-my_test_suite" class="panel">
          <div class="main-panel-header rounded-window-top">
            <span class="header-content">C:\Users\pooja\eclipse-workspace\TestNG\crossbrowser.xml</span>
          </div> <!-- main-panel-header rounded-window-top -->
          <div class="main-panel-content rounded-window-bottom">
            <pre>
&lt;?xml version=&quot;1.0&quot; encoding=&quot;UTF-8&quot;?&gt;
&lt;!DOCTYPE suite SYSTEM &quot;https://testng.org/testng-1.0.dtd&quot;&gt;
&lt;suite thread-count=&quot;3&quot; parallel=&quot;tests&quot; name=&quot;my test suite&quot;&gt;
  &lt;test thread-count=&quot;3&quot; parallel=&quot;tests&quot; name=&quot;chrometest&quot;&gt;
    &lt;parameter name=&quot;browser&quot; value=&quot;chrome&quot;/&gt;
    &lt;classes&gt;
      &lt;class name=&quot;testNGcommands.TestNGAssignment1&quot;/&gt;
    &lt;/classes&gt;
  &lt;/test&gt; &lt;!-- chrometest --&gt;
  &lt;test thread-count=&quot;3&quot; parallel=&quot;tests&quot; name=&quot;edgetest&quot;&gt;
    &lt;parameter name=&quot;browser&quot; value=&quot;edge&quot;/&gt;
    &lt;classes&gt;
      &lt;class name=&quot;testNGcommands.TestNGAssignment1&quot;/&gt;
    &lt;/classes&gt;
  &lt;/test&gt; &lt;!-- edgetest --&gt;
  &lt;test thread-count=&quot;3&quot; parallel=&quot;tests&quot; name=&quot;firefoxtest&quot;&gt;
    &lt;parameter name=&quot;browser&quot; value=&quot;firefox&quot;/&gt;
    &lt;classes&gt;
      &lt;class name=&quot;testNGcommands.TestNGAssignment1&quot;/&gt;
    &lt;/classes&gt;
  &lt;/test&gt; &lt;!-- firefoxtest --&gt;
&lt;/suite&gt; &lt;!-- my test suite --&gt;
            </pre>
          </div> <!-- main-panel-content rounded-window-bottom -->
        </div> <!-- panel -->
        <div panel-name="testlist-my_test_suite" class="panel">
          <div class="main-panel-header rounded-window-top">
            <span class="header-content">Tests for my test suite</span>
          </div> <!-- main-panel-header rounded-window-top -->
          <div class="main-panel-content rounded-window-bottom">
            <ul>
              <li>
                <span class="test-name">chrometest (1 class)</span>
              </li>
              <li>
                <span class="test-name">edgetest (1 class)</span>
              </li>
              <li>
                <span class="test-name">firefoxtest (1 class)</span>
              </li>
            </ul>
          </div> <!-- main-panel-content rounded-window-bottom -->
        </div> <!-- panel -->
        <div panel-name="group-my_test_suite" class="panel">
          <div class="main-panel-header rounded-window-top">
            <span class="header-content">Groups for my test suite</span>
          </div> <!-- main-panel-header rounded-window-top -->
          <div class="main-panel-content rounded-window-bottom">
          </div> <!-- main-panel-content rounded-window-bottom -->
        </div> <!-- panel -->
        <div panel-name="times-my_test_suite" class="panel">
          <div class="main-panel-header rounded-window-top">
            <span class="header-content">Times for my test suite</span>
          </div> <!-- main-panel-header rounded-window-top -->
          <div class="main-panel-content rounded-window-bottom">
            <div class="times-div">
              <script type="text/javascript">
suiteTableInitFunctions.push('tableData_my_test_suite');
function tableData_my_test_suite() {
var data = new google.visualization.DataTable();
data.addColumn('number', 'Number');
data.addColumn('string', 'Method');
data.addColumn('string', 'Class');
data.addColumn('number', 'Time (ms)');
data.addRows(14);
data.setCell(0, 0, 0)
data.setCell(0, 1, 'verifyTextOfSearchButton')
data.setCell(0, 2, 'testNGcommands.TestNGAssignment1')
data.setCell(0, 3, 2777);
data.setCell(1, 0, 1)
data.setCell(1, 1, 'verifyFontSizeOfSearchButton')
data.setCell(1, 2, 'testNGcommands.TestNGAssignment1')
data.setCell(1, 3, 2657);
data.setCell(2, 0, 2)
data.setCell(2, 1, 'verifyFontSizeOfSearchButton')
data.setCell(2, 2, 'testNGcommands.TestNGAssignment1')
data.setCell(2, 3, 2631);
data.setCell(3, 0, 3)
data.setCell(3, 1, 'verifyFontSizeOfSearchButton')
data.setCell(3, 2, 'testNGcommands.TestNGAssignment1')
data.setCell(3, 3, 2630);
data.setCell(4, 0, 4)
data.setCell(4, 1, 'verifyFontSizeOfSearchButton')
data.setCell(4, 2, 'testNGcommands.TestNGAssignment1')
data.setCell(4, 3, 2615);
data.setCell(5, 0, 5)
data.setCell(5, 1, 'verifyFontSizeOfSearchButton')
data.setCell(5, 2, 'testNGcommands.TestNGAssignment1')
data.setCell(5, 3, 2602);
data.setCell(6, 0, 6)
data.setCell(6, 1, 'verifyTextOfSearchButton')
data.setCell(6, 2, 'testNGcommands.TestNGAssignment1')
data.setCell(6, 3, 2537);
data.setCell(7, 0, 7)
data.setCell(7, 1, 'verifyFontSizeOfSearchButton')
data.setCell(7, 2, 'testNGcommands.TestNGAssignment1')
data.setCell(7, 3, 2496);
data.setCell(8, 0, 8)
data.setCell(8, 1, 'verifyFontSizeOfSearchButton')
data.setCell(8, 2, 'testNGcommands.TestNGAssignment1')
data.setCell(8, 3, 2411);
data.setCell(9, 0, 9)
data.setCell(9, 1, 'verifyFontSizeOfSearchButton')
data.setCell(9, 2, 'testNGcommands.TestNGAssignment1')
data.setCell(9, 3, 2298);
data.setCell(10, 0, 10)
data.setCell(10, 1, 'verifyFontSizeOfSearchButton')
data.setCell(10, 2, 'testNGcommands.TestNGAssignment1')
data.setCell(10, 3, 2295);
data.setCell(11, 0, 11)
data.setCell(11, 1, 'verifyFontSizeOfSearchButton')
data.setCell(11, 2, 'testNGcommands.TestNGAssignment1')
data.setCell(11, 3, 2223);
data.setCell(12, 0, 12)
data.setCell(12, 1, 'verifyFontSizeOfSearchButton')
data.setCell(12, 2, 'testNGcommands.TestNGAssignment1')
data.setCell(12, 3, 0);
data.setCell(13, 0, 13)
data.setCell(13, 1, 'verifyTextOfSearchButton')
data.setCell(13, 2, 'testNGcommands.TestNGAssignment1')
data.setCell(13, 3, 0);
window.suiteTableData['my_test_suite']= { tableData: data, tableDiv: 'times-div-my_test_suite'}
return data;
}
              </script>
              <span class="suite-total-time">Total running time: 1 minutes</span>
              <div id="times-div-my_test_suite">
              </div> <!-- times-div-my_test_suite -->
            </div> <!-- times-div -->
          </div> <!-- main-panel-content rounded-window-bottom -->
        </div> <!-- panel -->
        <div panel-name="reporter-my_test_suite" class="panel">
          <div class="main-panel-header rounded-window-top">
            <span class="header-content">Reporter output for my test suite</span>
          </div> <!-- main-panel-header rounded-window-top -->
          <div class="main-panel-content rounded-window-bottom">
          </div> <!-- main-panel-content rounded-window-bottom -->
        </div> <!-- panel -->
        <div panel-name="ignored-methods-my_test_suite" class="panel">
          <div class="main-panel-header rounded-window-top">
            <span class="header-content">6 ignored methods</span>
          </div> <!-- main-panel-header rounded-window-top -->
          <div class="main-panel-content rounded-window-bottom">
            <div class="ignored-class-div">
              <span class="ignored-class-name">testNGcommands.TestNGAssignment1</span>
              <div class="ignored-methods-div">
                <span class="ignored-method-name">verifyTitleDropDown</span>
                <br/>
                <span class="ignored-method-name">verifyTitleDropDown</span>
                <br/>
                <span class="ignored-method-name">verifyTitleDropDown</span>
                <br/>
                <span class="ignored-method-name">verifyCheckBoxIsSelected</span>
                <br/>
                <span class="ignored-method-name">verifyCheckBoxIsSelected</span>
                <br/>
                <span class="ignored-method-name">verifyCheckBoxIsSelected</span>
                <br/>
              </div> <!-- ignored-methods-div -->
            </div> <!-- ignored-class-div -->
          </div> <!-- main-panel-content rounded-window-bottom -->
        </div> <!-- panel -->
        <div panel-name="chronological-my_test_suite" class="panel">
          <div class="main-panel-header rounded-window-top">
            <span class="header-content">Methods in chronological order</span>
          </div> <!-- main-panel-header rounded-window-top -->
          <div class="main-panel-content rounded-window-bottom">
            <div class="chronological-class">
              <div class="chronological-class-name">testNGcommands.TestNGAssignment1</div> <!-- chronological-class-name -->
              <div class="configuration-method before">
                <img src="failed.png">
                </img>
                <span class="method-name">beforeMethod(chrome)</span>
                <span class="method-start">0 ms</span>
              </div> <!-- configuration-method before -->
              <div class="configuration-method before">
                <span class="method-name">beforeMethod(edge)</span>
                <span class="method-start">0 ms</span>
              </div> <!-- configuration-method before -->
              <div class="configuration-method before">
                <span class="method-name">beforeMethod(firefox)</span>
                <span class="method-start">0 ms</span>
              </div> <!-- configuration-method before -->
              <div class="test-method">
                <span class="method-name">verifyTextOfSearchButton</span>
                <span class="method-start">25483 ms</span>
              </div> <!-- test-method -->
              <div class="configuration-method after">
                <span class="method-name">afterMethod</span>
                <span class="method-start">25489 ms</span>
              </div> <!-- configuration-method after -->
              <div class="configuration-method before">
                <span class="method-name">beforeMethod</span>
                <span class="method-start">25492 ms</span>
              </div> <!-- configuration-method before -->
              <div class="test-method">
                <span class="method-name">verifyFontSizeOfSearchButton</span>
                <span class="method-start">25492 ms</span>
              </div> <!-- test-method -->
              <div class="configuration-method after">
                <span class="method-name">afterMethod</span>
                <span class="method-start">25496 ms</span>
              </div> <!-- configuration-method after -->
              <div class="test-method">
                <span class="method-name">verifyTextOfSearchButton</span>
                <span class="method-start">60283 ms</span>
              </div> <!-- test-method -->
              <div class="configuration-method after">
                <span class="method-name">afterMethod</span>
                <span class="method-start">63060 ms</span>
              </div> <!-- configuration-method after -->
              <div class="configuration-method before">
                <span class="method-name">beforeMethod(edge)</span>
                <span class="method-start">63162 ms</span>
              </div> <!-- configuration-method before -->
              <div class="test-method">
                <span class="method-name">verifyTextOfSearchButton</span>
                <span class="method-start">66922 ms</span>
              </div> <!-- test-method -->
              <div class="test-method">
                <span class="method-name">verifyFontSizeOfSearchButton</span>
                <span class="method-start">68330 ms</span>
              </div> <!-- test-method -->
              <div class="configuration-method after">
                <span class="method-name">afterMethod</span>
                <span class="method-start">69460 ms</span>
              </div> <!-- configuration-method after -->
              <div class="configuration-method before">
                <span class="method-name">beforeMethod(firefox)</span>
                <span class="method-start">70236 ms</span>
              </div> <!-- configuration-method before -->
              <div class="configuration-method after">
                <span class="method-name">afterMethod</span>
                <span class="method-start">70946 ms</span>
              </div> <!-- configuration-method after -->
              <div class="configuration-method before">
                <span class="method-name">beforeMethod(edge)</span>
                <span class="method-start">71075 ms</span>
              </div> <!-- configuration-method before -->
              <div class="test-method">
                <span class="method-name">verifyFontSizeOfSearchButton</span>
                <span class="method-start">75916 ms</span>
              </div> <!-- test-method -->
              <div class="test-method">
                <span class="method-name">verifyFontSizeOfSearchButton</span>
                <span class="method-start">75956 ms</span>
              </div> <!-- test-method -->
              <div class="configuration-method after">
                <span class="method-name">afterMethod</span>
                <span class="method-start">78216 ms</span>
              </div> <!-- configuration-method after -->
              <div class="configuration-method after">
                <span class="method-name">afterMethod</span>
                <span class="method-start">78614 ms</span>
              </div> <!-- configuration-method after -->
              <div class="configuration-method before">
                <span class="method-name">beforeMethod(edge)</span>
                <span class="method-start">78764 ms</span>
              </div> <!-- configuration-method before -->
              <div class="configuration-method before">
                <span class="method-name">beforeMethod(firefox)</span>
                <span class="method-start">79072 ms</span>
              </div> <!-- configuration-method before -->
              <div class="test-method">
                <span class="method-name">verifyFontSizeOfSearchButton</span>
                <span class="method-start">83448 ms</span>
              </div> <!-- test-method -->
              <div class="test-method">
                <span class="method-name">verifyFontSizeOfSearchButton</span>
                <span class="method-start">84522 ms</span>
              </div> <!-- test-method -->
              <div class="configuration-method after">
                <span class="method-name">afterMethod</span>
                <span class="method-start">86080 ms</span>
              </div> <!-- configuration-method after -->
              <div class="configuration-method before">
                <span class="method-name">beforeMethod(edge)</span>
                <span class="method-start">86172 ms</span>
              </div> <!-- configuration-method before -->
              <div class="configuration-method after">
                <span class="method-name">afterMethod</span>
                <span class="method-start">87019 ms</span>
              </div> <!-- configuration-method after -->
              <div class="configuration-method before">
                <span class="method-name">beforeMethod(firefox)</span>
                <span class="method-start">87770 ms</span>
              </div> <!-- configuration-method before -->
              <div class="test-method">
                <span class="method-name">verifyFontSizeOfSearchButton</span>
                <span class="method-start">90941 ms</span>
              </div> <!-- test-method -->
              <div class="test-method">
                <span class="method-name">verifyFontSizeOfSearchButton</span>
                <span class="method-start">93296 ms</span>
              </div> <!-- test-method -->
              <div class="configuration-method after">
                <span class="method-name">afterMethod</span>
                <span class="method-start">93573 ms</span>
              </div> <!-- configuration-method after -->
              <div class="configuration-method before">
                <span class="method-name">beforeMethod(edge)</span>
                <span class="method-start">93662 ms</span>
              </div> <!-- configuration-method before -->
              <div class="configuration-method after">
                <span class="method-name">afterMethod</span>
                <span class="method-start">95520 ms</span>
              </div> <!-- configuration-method after -->
              <div class="configuration-method before">
                <span class="method-name">beforeMethod(firefox)</span>
                <span class="method-start">96384 ms</span>
              </div> <!-- configuration-method before -->
              <div class="test-method">
                <img src="failed.png">
                </img>
                <span class="method-name">verifyFontSizeOfSearchButton</span>
                <span class="method-start">102398 ms</span>
              </div> <!-- test-method -->
              <div class="test-method">
                <span class="method-name">verifyFontSizeOfSearchButton</span>
                <span class="method-start">104855 ms</span>
              </div> <!-- test-method -->
              <div class="configuration-method after">
                <span class="method-name">afterMethod</span>
                <span class="method-start">105002 ms</span>
              </div> <!-- configuration-method after -->
              <div class="configuration-method after">
                <span class="method-name">afterMethod</span>
                <span class="method-start">107267 ms</span>
              </div> <!-- configuration-method after -->
              <div class="configuration-method before">
                <span class="method-name">beforeMethod(firefox)</span>
                <span class="method-start">107895 ms</span>
              </div> <!-- configuration-method before -->
              <div class="test-method">
                <img src="failed.png">
                </img>
                <span class="method-name">verifyFontSizeOfSearchButton</span>
                <span class="method-start">112948 ms</span>
              </div> <!-- test-method -->
              <div class="configuration-method after">
                <span class="method-name">afterMethod</span>
                <span class="method-start">115244 ms</span>
              </div> <!-- configuration-method after -->
          </div> <!-- main-panel-content rounded-window-bottom -->
        </div> <!-- panel -->
      </div> <!-- main-panel-root -->
    </div> <!-- wrapper -->
  </body>
<script type="text/javascript" src="testng-reports2.js"></script>
</html>
